0 info it worked if it ends with ok
1 verbose cli [ '/usr/local/bin/node',
1 verbose cli   '/usr/local/bin/npm',
1 verbose cli   'install',
1 verbose cli   '-g',
1 verbose cli   'git' ]
2 info using npm@4.1.2
3 info using node@v7.7.2
4 silly loadCurrentTree Starting
5 silly install loadCurrentTree
6 silly install readGlobalPackageData
7 silly fetchPackageMetaData git
8 silly fetchNamedPackageData git
9 silly mapToRegistry name git
10 silly mapToRegistry using default registry
11 silly mapToRegistry registry https://registry.npmjs.org/
12 silly mapToRegistry data Result {
12 silly mapToRegistry   raw: 'git',
12 silly mapToRegistry   scope: null,
12 silly mapToRegistry   escapedName: 'git',
12 silly mapToRegistry   name: 'git',
12 silly mapToRegistry   rawSpec: '',
12 silly mapToRegistry   spec: 'latest',
12 silly mapToRegistry   type: 'tag' }
13 silly mapToRegistry uri https://registry.npmjs.org/git
14 verbose request uri https://registry.npmjs.org/git
15 verbose request no auth needed
16 info attempt registry request try #1 at 14:43:54
17 verbose request id 2a00e5deaa06592e
18 http request GET https://registry.npmjs.org/git
19 http 200 https://registry.npmjs.org/git
20 verbose headers { server: 'nginx/1.10.1',
20 verbose headers   'content-type': 'application/json',
20 verbose headers   'last-modified': 'Mon, 20 Feb 2017 03:16:08 GMT',
20 verbose headers   etag: 'W/"58aa5f78-278b"',
20 verbose headers   'content-encoding': 'gzip',
20 verbose headers   'cache-control': 'max-age=300',
20 verbose headers   'content-length': '2304',
20 verbose headers   'accept-ranges': 'bytes',
20 verbose headers   date: 'Wed, 22 Mar 2017 13:43:55 GMT',
20 verbose headers   via: '1.1 varnish',
20 verbose headers   age: '0',
20 verbose headers   connection: 'keep-alive',
20 verbose headers   'x-served-by': 'cache-hhn1534-HHN',
20 verbose headers   'x-cache': 'HIT',
20 verbose headers   'x-cache-hits': '1',
20 verbose headers   'x-timer': 'S1490190235.590341,VS0,VE6',
20 verbose headers   vary: 'Accept-Encoding' }
21 silly get cb [ 200,
21 silly get   { server: 'nginx/1.10.1',
21 silly get     'content-type': 'application/json',
21 silly get     'last-modified': 'Mon, 20 Feb 2017 03:16:08 GMT',
21 silly get     etag: 'W/"58aa5f78-278b"',
21 silly get     'content-encoding': 'gzip',
21 silly get     'cache-control': 'max-age=300',
21 silly get     'content-length': '2304',
21 silly get     'accept-ranges': 'bytes',
21 silly get     date: 'Wed, 22 Mar 2017 13:43:55 GMT',
21 silly get     via: '1.1 varnish',
21 silly get     age: '0',
21 silly get     connection: 'keep-alive',
21 silly get     'x-served-by': 'cache-hhn1534-HHN',
21 silly get     'x-cache': 'HIT',
21 silly get     'x-cache-hits': '1',
21 silly get     'x-timer': 'S1490190235.590341,VS0,VE6',
21 silly get     vary: 'Accept-Encoding' } ]
22 verbose get saving git to /home/figi/.npm/registry.npmjs.org/git/.cache.json
23 verbose correctMkdir /home/figi/.npm correctMkdir not in flight; initializing
24 silly install normalizeTree
25 silly loadCurrentTree Finishing
26 silly loadIdealTree Starting
27 silly install loadIdealTree
28 silly cloneCurrentTree Starting
29 silly install cloneCurrentTreeToIdealTree
30 silly cloneCurrentTree Finishing
31 silly loadShrinkwrap Starting
32 silly install loadShrinkwrap
33 silly loadShrinkwrap Finishing
34 silly loadAllDepsIntoIdealTree Starting
35 silly install loadAllDepsIntoIdealTree
36 silly resolveWithNewModule git@0.1.5 checking installable status
37 silly cache add args [ 'git', null ]
38 verbose cache add spec git
39 silly cache add parsed spec Result {
39 silly cache add   raw: 'git',
39 silly cache add   scope: null,
39 silly cache add   escapedName: 'git',
39 silly cache add   name: 'git',
39 silly cache add   rawSpec: '',
39 silly cache add   spec: 'latest',
39 silly cache add   type: 'tag' }
40 silly addNamed git@latest
41 verbose addNamed "latest" is being treated as a dist-tag for git
42 info addNameTag [ 'git', 'latest' ]
43 silly mapToRegistry name git
44 silly mapToRegistry using default registry
45 silly mapToRegistry registry https://registry.npmjs.org/
46 silly mapToRegistry data Result {
46 silly mapToRegistry   raw: 'git',
46 silly mapToRegistry   scope: null,
46 silly mapToRegistry   escapedName: 'git',
46 silly mapToRegistry   name: 'git',
46 silly mapToRegistry   rawSpec: '',
46 silly mapToRegistry   spec: 'latest',
46 silly mapToRegistry   type: 'tag' }
47 silly mapToRegistry uri https://registry.npmjs.org/git
48 verbose addNameTag registry:https://registry.npmjs.org/git not in flight; fetching
49 verbose get https://registry.npmjs.org/git not expired, no request
50 silly addNameTag next cb for git with tag latest
51 silly addNamed git@0.1.5
52 verbose addNamed "0.1.5" is a plain semver version for git
53 silly mapToRegistry name git
54 silly mapToRegistry using default registry
55 silly mapToRegistry registry https://registry.npmjs.org/
56 silly mapToRegistry data Result {
56 silly mapToRegistry   raw: 'git',
56 silly mapToRegistry   scope: null,
56 silly mapToRegistry   escapedName: 'git',
56 silly mapToRegistry   name: 'git',
56 silly mapToRegistry   rawSpec: '',
56 silly mapToRegistry   spec: 'latest',
56 silly mapToRegistry   type: 'tag' }
57 silly mapToRegistry uri https://registry.npmjs.org/git
58 verbose addRemoteTarball https://registry.npmjs.org/git/-/git-0.1.5.tgz not in flight; adding
59 verbose addRemoteTarball [ 'https://registry.npmjs.org/git/-/git-0.1.5.tgz',
59 verbose addRemoteTarball   '9ef62df93f851c27542143bf52d1c68b1017ca15' ]
60 info retry fetch attempt 1 at 14:43:55
61 info attempt registry request try #1 at 14:43:55
62 http fetch GET https://registry.npmjs.org/git/-/git-0.1.5.tgz
63 http fetch 200 https://registry.npmjs.org/git/-/git-0.1.5.tgz
64 silly fetchAndShaCheck shasum 9ef62df93f851c27542143bf52d1c68b1017ca15
65 verbose addTmpTarball /tmp/npm-9930-6bc619cc/registry.npmjs.org/git/-/git-0.1.5.tgz not in flight; adding
66 verbose addTmpTarball already have metadata; skipping unpack for git@0.1.5
67 verbose correctMkdir /home/figi/.npm correctMkdir not in flight; initializing
68 silly cache afterAdd git@0.1.5
69 verbose afterAdd /home/figi/.npm/git/0.1.5/package/package.json not in flight; writing
70 verbose correctMkdir /home/figi/.npm correctMkdir not in flight; initializing
71 verbose afterAdd /home/figi/.npm/git/0.1.5/package/package.json written
72 silly fetchNamedPackageData mime
73 silly mapToRegistry name mime
74 silly mapToRegistry using default registry
75 silly mapToRegistry registry https://registry.npmjs.org/
76 silly mapToRegistry data Result {
76 silly mapToRegistry   raw: 'mime',
76 silly mapToRegistry   scope: null,
76 silly mapToRegistry   escapedName: 'mime',
76 silly mapToRegistry   name: 'mime',
76 silly mapToRegistry   rawSpec: '',
76 silly mapToRegistry   spec: 'latest',
76 silly mapToRegistry   type: 'tag' }
77 silly mapToRegistry uri https://registry.npmjs.org/mime
78 verbose request uri https://registry.npmjs.org/mime
79 verbose request no auth needed
80 info attempt registry request try #1 at 14:43:55
81 verbose etag W/"58bd33ee-50fb"
82 verbose lastModified Mon, 06 Mar 2017 10:03:26 GMT
83 http request GET https://registry.npmjs.org/mime
84 http 304 https://registry.npmjs.org/mime
85 verbose headers { date: 'Wed, 22 Mar 2017 13:43:55 GMT',
85 verbose headers   via: '1.1 varnish',
85 verbose headers   'cache-control': 'max-age=300',
85 verbose headers   etag: 'W/"58bd33ee-50fb"',
85 verbose headers   age: '104',
85 verbose headers   connection: 'keep-alive',
85 verbose headers   'x-served-by': 'cache-hhn1534-HHN',
85 verbose headers   'x-cache': 'HIT',
85 verbose headers   'x-cache-hits': '14',
85 verbose headers   'x-timer': 'S1490190235.954086,VS0,VE0',
85 verbose headers   vary: 'Accept-Encoding' }
86 silly get cb [ 304,
86 silly get   { date: 'Wed, 22 Mar 2017 13:43:55 GMT',
86 silly get     via: '1.1 varnish',
86 silly get     'cache-control': 'max-age=300',
86 silly get     etag: 'W/"58bd33ee-50fb"',
86 silly get     age: '104',
86 silly get     connection: 'keep-alive',
86 silly get     'x-served-by': 'cache-hhn1534-HHN',
86 silly get     'x-cache': 'HIT',
86 silly get     'x-cache-hits': '14',
86 silly get     'x-timer': 'S1490190235.954086,VS0,VE0',
86 silly get     vary: 'Accept-Encoding' } ]
87 verbose etag https://registry.npmjs.org/mime from cache
88 verbose get saving mime to /home/figi/.npm/registry.npmjs.org/mime/.cache.json
89 verbose correctMkdir /home/figi/.npm correctMkdir not in flight; initializing
90 silly pickManifestFromRegistryMetadata spec 1.2.9 tag latest versions [ '1.0.0',
90 silly pickManifestFromRegistryMetadata   '1.1.0',
90 silly pickManifestFromRegistryMetadata   '1.2.1',
90 silly pickManifestFromRegistryMetadata   '1.2.2',
90 silly pickManifestFromRegistryMetadata   '1.2.3',
90 silly pickManifestFromRegistryMetadata   '1.2.4',
90 silly pickManifestFromRegistryMetadata   '1.2.5',
90 silly pickManifestFromRegistryMetadata   '1.2.6',
90 silly pickManifestFromRegistryMetadata   '1.2.7',
90 silly pickManifestFromRegistryMetadata   '1.2.8',
90 silly pickManifestFromRegistryMetadata   '1.2.9',
90 silly pickManifestFromRegistryMetadata   '1.2.10',
90 silly pickManifestFromRegistryMetadata   '1.2.11',
90 silly pickManifestFromRegistryMetadata   '1.3.0',
90 silly pickManifestFromRegistryMetadata   '1.3.2',
90 silly pickManifestFromRegistryMetadata   '1.3.3',
90 silly pickManifestFromRegistryMetadata   '1.3.4' ]
91 silly resolveWithNewModule mime@1.2.9 checking installable status
92 silly cache add args [ 'mime@1.2.9', null ]
93 verbose cache add spec mime@1.2.9
94 silly cache add parsed spec Result {
94 silly cache add   raw: 'mime@1.2.9',
94 silly cache add   scope: null,
94 silly cache add   escapedName: 'mime',
94 silly cache add   name: 'mime',
94 silly cache add   rawSpec: '1.2.9',
94 silly cache add   spec: '1.2.9',
94 silly cache add   type: 'version' }
95 silly addNamed mime@1.2.9
96 verbose addNamed "1.2.9" is a plain semver version for mime
97 silly mapToRegistry name mime
98 silly mapToRegistry using default registry
99 silly mapToRegistry registry https://registry.npmjs.org/
100 silly mapToRegistry data Result {
100 silly mapToRegistry   raw: 'mime',
100 silly mapToRegistry   scope: null,
100 silly mapToRegistry   escapedName: 'mime',
100 silly mapToRegistry   name: 'mime',
100 silly mapToRegistry   rawSpec: '',
100 silly mapToRegistry   spec: 'latest',
100 silly mapToRegistry   type: 'tag' }
101 silly mapToRegistry uri https://registry.npmjs.org/mime
102 verbose addNameVersion registry:https://registry.npmjs.org/mime not in flight; fetching
103 verbose get https://registry.npmjs.org/mime not expired, no request
104 silly mapToRegistry name mime
105 silly mapToRegistry using default registry
106 silly mapToRegistry registry https://registry.npmjs.org/
107 silly mapToRegistry data Result {
107 silly mapToRegistry   raw: 'mime',
107 silly mapToRegistry   scope: null,
107 silly mapToRegistry   escapedName: 'mime',
107 silly mapToRegistry   name: 'mime',
107 silly mapToRegistry   rawSpec: '',
107 silly mapToRegistry   spec: 'latest',
107 silly mapToRegistry   type: 'tag' }
108 silly mapToRegistry uri https://registry.npmjs.org/mime
109 verbose addRemoteTarball https://registry.npmjs.org/mime/-/mime-1.2.9.tgz not in flight; adding
110 verbose addRemoteTarball [ 'https://registry.npmjs.org/mime/-/mime-1.2.9.tgz',
110 verbose addRemoteTarball   '009cd40867bd35de521b3b966f04e2f8d4d13d09' ]
111 info retry fetch attempt 1 at 14:43:56
112 info attempt registry request try #1 at 14:43:56
113 http fetch GET https://registry.npmjs.org/mime/-/mime-1.2.9.tgz
114 http fetch 200 https://registry.npmjs.org/mime/-/mime-1.2.9.tgz
115 silly fetchAndShaCheck shasum 009cd40867bd35de521b3b966f04e2f8d4d13d09
116 verbose addTmpTarball /tmp/npm-9930-6bc619cc/registry.npmjs.org/mime/-/mime-1.2.9.tgz not in flight; adding
117 verbose addTmpTarball already have metadata; skipping unpack for mime@1.2.9
118 verbose correctMkdir /home/figi/.npm correctMkdir not in flight; initializing
119 silly cache afterAdd mime@1.2.9
120 verbose afterAdd /home/figi/.npm/mime/1.2.9/package/package.json not in flight; writing
121 verbose correctMkdir /home/figi/.npm correctMkdir not in flight; initializing
122 verbose afterAdd /home/figi/.npm/mime/1.2.9/package/package.json written
123 silly loadAllDepsIntoIdealTree Finishing
124 silly loadIdealTree Finishing
125 silly currentTree lib
126 silly idealTree lib
126 silly idealTree └─┬ git@0.1.5
126 silly idealTree   └── mime@1.2.9
127 silly generateActionsToTake Starting
128 silly install generateActionsToTake
129 warn checkPermissions Missing write access to /usr/local/lib/node_modules
130 silly rollbackFailedOptional Starting
131 silly rollbackFailedOptional Finishing
132 silly runTopLevelLifecycles Finishing
133 silly install printInstalled
134 verbose stack Error: EACCES: permission denied, access '/usr/local/lib/node_modules'
135 verbose cwd /home/figi/projects/funnypic
136 error Linux 4.8.0-41-generic
137 error argv "/usr/local/bin/node" "/usr/local/bin/npm" "install" "-g" "git"
138 error node v7.7.2
139 error npm  v4.1.2
140 error path /usr/local/lib/node_modules
141 error code EACCES
142 error errno -13
143 error syscall access
144 error Error: EACCES: permission denied, access '/usr/local/lib/node_modules'
144 error  { Error: EACCES: permission denied, access '/usr/local/lib/node_modules'
144 error   errno: -13,
144 error   code: 'EACCES',
144 error   syscall: 'access',
144 error   path: '/usr/local/lib/node_modules' }
145 error Please try running this command again as root/Administrator.
146 verbose exit [ -13, true ]
